<?xml version="1.0" encoding="UTF-8"?>
<testng-results ignored="0" total="5" passed="5" failed="0" skipped="0">
  <reporter-output>
  </reporter-output>
  <suite started-at="2021-12-24T18:39:27 IST" name="Suite" finished-at="2021-12-24T18:39:28 IST" duration-ms="1526">
    <groups>
    </groups>
    <test started-at="2021-12-24T18:39:27 IST" name="Test" finished-at="2021-12-24T18:39:28 IST" duration-ms="1526">
      <class name="restassured.login">
        <test-method is-config="true" signature="setUp()[pri:0, instance:restassured.login@73e22a3d]" started-at="2021-12-24T18:39:28 IST" name="setUp" finished-at="2021-12-24T18:39:28 IST" duration-ms="1" status="PASS">
          <reporter-output>
          </reporter-output>
        </test-method> <!-- setUp -->
        <test-method signature="register_user()[pri:0, instance:restassured.login@73e22a3d]" started-at="2021-12-24T18:39:28 IST" name="register_user" finished-at="2021-12-24T18:39:28 IST" duration-ms="24" status="PASS">
          <reporter-output>
          </reporter-output>
        </test-method> <!-- register_user -->
      </class> <!-- restassured.login -->
      <class name="restassured.getflights">
        <test-method is-config="true" signature="setUp()[pri:0, instance:restassured.getflights@3232a28a]" started-at="2021-12-24T18:39:28 IST" name="setUp" finished-at="2021-12-24T18:39:28 IST" duration-ms="1" status="PASS">
          <reporter-output>
          </reporter-output>
        </test-method> <!-- setUp -->
        <test-method signature="Getflights()[pri:0, instance:restassured.getflights@3232a28a]" started-at="2021-12-24T18:39:28 IST" name="Getflights" finished-at="2021-12-24T18:39:28 IST" duration-ms="84" status="PASS">
          <reporter-output>
          </reporter-output>
        </test-method> <!-- Getflights -->
      </class> <!-- restassured.getflights -->
      <class name="restassured.postuser">
        <test-method is-config="true" signature="setUp()[pri:0, instance:restassured.postuser@71def8f8]" started-at="2021-12-24T18:39:27 IST" name="setUp" finished-at="2021-12-24T18:39:27 IST" duration-ms="76" status="PASS">
          <reporter-output>
          </reporter-output>
        </test-method> <!-- setUp -->
        <test-method signature="register_user()[pri:0, instance:restassured.postuser@71def8f8]" started-at="2021-12-24T18:39:27 IST" name="register_user" finished-at="2021-12-24T18:39:28 IST" duration-ms="1235" status="PASS">
          <reporter-output>
          </reporter-output>
        </test-method> <!-- register_user -->
      </class> <!-- restassured.postuser -->
      <class name="restassured.bookflights">
        <test-method is-config="true" signature="setUp()[pri:0, instance:restassured.bookflights@28f2a10f]" started-at="2021-12-24T18:39:28 IST" name="setUp" finished-at="2021-12-24T18:39:28 IST" duration-ms="1" status="PASS">
          <reporter-output>
          </reporter-output>
        </test-method> <!-- setUp -->
        <test-method signature="Getflight_details()[pri:0, instance:restassured.bookflights@28f2a10f]" started-at="2021-12-24T18:39:28 IST" name="Getflight_details" finished-at="2021-12-24T18:39:28 IST" duration-ms="50" status="PASS">
          <reporter-output>
          </reporter-output>
        </test-method> <!-- Getflight_details -->
      </class> <!-- restassured.bookflights -->
      <class name="restassured.completebookings">
        <test-method is-config="true" signature="setUp()[pri:0, instance:restassured.completebookings@47faa49c]" started-at="2021-12-24T18:39:28 IST" name="setUp" finished-at="2021-12-24T18:39:28 IST" duration-ms="1" status="PASS">
          <reporter-output>
          </reporter-output>
        </test-method> <!-- setUp -->
        <test-method signature="complete_booking()[pri:0, instance:restassured.completebookings@47faa49c]" started-at="2021-12-24T18:39:28 IST" name="complete_booking" finished-at="2021-12-24T18:39:28 IST" duration-ms="18" status="PASS">
          <reporter-output>
          </reporter-output>
        </test-method> <!-- complete_booking -->
      </class> <!-- restassured.completebookings -->
    </test> <!-- Test -->
  </suite> <!-- Suite -->
</testng-results>
