<?xml version="1.0" encoding="UTF-8"?>
<testng-results ignored="0" total="0" passed="0" failed="0" skipped="0">
  <reporter-output>
  </reporter-output>
  <suite started-at="2021-12-24T18:00:33 IST" name="AT_Capstone_Project by packages" finished-at="2021-12-24T18:00:33 IST" duration-ms="15">
    <groups>
    </groups>
    <test started-at="2021-12-24T18:00:33 IST" name="com.cisco.AT_Capstone_testscripts" finished-at="2021-12-24T18:00:33 IST" duration-ms="15">
    </test> <!-- com.cisco.AT_Capstone_testscripts -->
  </suite> <!-- AT_Capstone_Project by packages -->
</testng-results>
