<?xml version="1.0" encoding="UTF-8"?>
<!-- Generated by org.testng.reporters.JUnitXMLReporter -->
<testsuite ignored="0" hostname="CSCO-W-PF2S4K91" failures="0" tests="5" name="Test" time="1.526" errors="0" timestamp="2021-12-24T18:39:28 IST">
  <testcase classname="restassured.postuser" name="register_user" time="1.235"/>
  <testcase classname="restassured.getflights" name="Getflights" time="0.084"/>
  <testcase classname="restassured.login" name="register_user" time="0.024"/>
  <testcase classname="restassured.completebookings" name="complete_booking" time="0.018"/>
  <testcase classname="restassured.bookflights" name="Getflight_details" time="0.05"/>
</testsuite> <!-- Test -->
